#
# There is insufficient memory for the Java Runtime Environment to continue.
# Native memory allocation (malloc) failed to allocate 1145136 bytes for Chunk::new
# Possible reasons:
#   The system is out of physical RAM or swap space
#   The process is running with CompressedOops enabled, and the Java Heap may be blocking the growth of the native heap
# Possible solutions:
#   Reduce memory load on the system
#   Increase physical memory or swap space
#   Check if swap backing store is full
#   Decrease Java heap size (-Xmx/-Xms)
#   Decrease number of Java threads
#   Decrease Java thread stack sizes (-Xss)
#   Set larger code cache with -XX:ReservedCodeCacheSize=
#   JVM is running with Unscaled Compressed Oops mode in which the Java heap is
#     placed in the first 4GB address space. The Java Heap base address is the
#     maximum limit for the native heap growth. Please use -XX:HeapBaseMinAddress
#     to set the Java Heap base and to place the Java Heap above 4GB virtual address.
# This output file may be truncated or incomplete.
#
#  Out of Memory Error (allocation.cpp:389), pid=5776, tid=0x0000000000000e04
#
# JRE version: OpenJDK Runtime Environment (8.0_242-b01) (build 1.8.0_242-release-1644-b01)
# Java VM: OpenJDK 64-Bit Server VM (25.242-b01 mixed mode windows-amd64 compressed oops)
# Failed to write core dump. Minidumps are not enabled by default on client versions of Windows
#

---------------  T H R E A D  ---------------

Current thread (0x0000000019b4a000):  JavaThread "C2 CompilerThread2" daemon [_thread_in_native, id=3588, stack(0x000000001a610000,0x000000001a710000)]

Stack: [0x000000001a610000,0x000000001a710000]
[error occurred during error reporting (printing stack bounds), id 0xc0000005]

Native frames: (J=compiled Java code, j=interpreted, Vv=VM code, C=native code)


Current CompileTask:
C2: 998324 27825 %     4       com.android.tools.r8.ir.regalloc.a::a @ 33 (562 bytes)


---------------  P R O C E S S  ---------------

Java Threads: ( => current thread )
  0x0000000020a98000 JavaThread "ForkJoinPool.commonPool-worker-6" daemon [_thread_blocked, id=13020, stack(0x000000002b210000,0x000000002b310000)]
  0x0000000020a96000 JavaThread "ForkJoinPool.commonPool-worker-4" daemon [_thread_blocked, id=1868, stack(0x00000000267d0000,0x00000000268d0000)]
  0x0000000020a9c000 JavaThread "ForkJoinPool.commonPool-worker-3" daemon [_thread_blocked, id=5600, stack(0x0000000026110000,0x0000000026210000)]
  0x0000000020a94800 JavaThread "ForkJoinPool.commonPool-worker-2" daemon [_thread_blocked, id=13456, stack(0x0000000024820000,0x0000000024920000)]
  0x0000000020a9a800 JavaThread "ForkJoinPool.commonPool-worker-0" daemon [_thread_blocked, id=10672, stack(0x0000000023690000,0x0000000023790000)]
  0x0000000020a99000 JavaThread "Cache worker for Java compile cache (D:\Message\.gradle\6.5\javaCompile)" [_thread_blocked, id=4468, stack(0x0000000023420000,0x0000000023520000)]
  0x0000000020a95000 JavaThread "Cache worker for Java compile cache (C:\Users\Admin\.gradle\caches\6.5\javaCompile)" [_thread_blocked, id=13492, stack(0x000000001e430000,0x000000001e530000)]
  0x00000000320fc800 JavaThread "stdout" [_thread_in_native, id=14180, stack(0x000000003fd40000,0x000000003fe40000)]
  0x00000000320ff800 JavaThread "stderr" [_thread_in_native, id=6372, stack(0x000000003fc40000,0x000000003fd40000)]
  0x00000000320fb000 JavaThread "stdout" [_thread_in_native, id=3876, stack(0x000000003fb40000,0x000000003fc40000)]
  0x0000000028ded000 JavaThread "stderr" [_thread_in_native, id=3060, stack(0x000000003fa40000,0x000000003fb40000)]
  0x000000002cce7800 JavaThread "stdout" [_thread_in_native, id=11756, stack(0x000000003f940000,0x000000003fa40000)]
  0x000000002cce7000 JavaThread "stderr" [_thread_in_native, id=12264, stack(0x000000003f840000,0x000000003f940000)]
  0x000000002cce6000 JavaThread "stdout" [_thread_in_native, id=7532, stack(0x000000003f740000,0x000000003f840000)]
  0x000000002cce5800 JavaThread "stderr" [_thread_in_native, id=3664, stack(0x000000003f640000,0x000000003f740000)]
  0x000000002cce4800 JavaThread "stdout" [_thread_in_native, id=2728, stack(0x000000003f540000,0x000000003f640000)]
  0x000000002ccdd000 JavaThread "stderr" [_thread_in_native, id=9564, stack(0x000000003f440000,0x000000003f540000)]
  0x000000002cce2800 JavaThread "stdout" [_thread_in_native, id=3168, stack(0x000000003f340000,0x000000003f440000)]
  0x000000002cce4000 JavaThread "stderr" [_thread_in_native, id=5476, stack(0x000000003f240000,0x000000003f340000)]
  0x000000002cce1800 JavaThread "stdout" [_thread_in_native, id=11312, stack(0x000000003f140000,0x000000003f240000)]
  0x000000002ccdc000 JavaThread "stderr" [_thread_in_native, id=7208, stack(0x000000003f040000,0x000000003f140000)]
  0x000000002cce1000 JavaThread "stdout" [_thread_in_native, id=9600, stack(0x000000003ef40000,0x000000003f040000)]
  0x000000002ccd9000 JavaThread "stderr" [_thread_in_native, id=11956, stack(0x000000003ee40000,0x000000003ef40000)]
  0x000000002cce0000 JavaThread "WorkerExecutor Queue Thread 10" [_thread_blocked, id=11104, stack(0x000000003e140000,0x000000003e240000)]
  0x000000002ccdd800 JavaThread "pool-7-thread-1" [_thread_blocked, id=9728, stack(0x000000003df40000,0x000000003e040000)]
  0x000000002ccd8800 JavaThread "MarlinRenderer Disposer" daemon [_thread_blocked, id=5244, stack(0x000000003e940000,0x000000003ea40000)]
  0x000000002ccdb800 JavaThread "Java2D Disposer" daemon [_thread_blocked, id=6684, stack(0x000000003e840000,0x000000003e940000)]
  0x000000002ccdf000 JavaThread "WorkerExecutor Queue Thread 9" [_thread_blocked, id=9124, stack(0x000000003e740000,0x000000003e840000)]
  0x000000002ccda800 JavaThread "WorkerExecutor Queue Thread 8" [_thread_blocked, id=10364, stack(0x000000003e340000,0x000000003e440000)]
  0x000000002ccda000 JavaThread "WorkerExecutor Queue Thread 7" [_thread_blocked, id=8844, stack(0x000000003e240000,0x000000003e340000)]
  0x000000002ccde800 JavaThread "WorkerExecutor Queue Thread 5" [_thread_blocked, id=11408, stack(0x000000003e040000,0x000000003e140000)]
  0x0000000028dec000 JavaThread "WorkerExecutor Queue Thread 3" [_thread_blocked, id=11256, stack(0x000000003de40000,0x000000003df40000)]
  0x0000000028dea800 JavaThread "WorkerExecutor Queue Thread 2" [_thread_blocked, id=13236, stack(0x000000003dd40000,0x000000003de40000)]
  0x0000000028de8800 JavaThread "WorkerExecutor Queue" [_thread_blocked, id=7928, stack(0x000000003da40000,0x000000003db40000)]
  0x0000000028dea000 JavaThread "Cache worker for execution history cache (D:\Message\.gradle\6.5\executionHistory)" [_thread_blocked, id=10728, stack(0x000000003d940000,0x000000003da40000)]
  0x0000000028de0000 JavaThread "Execution worker for ':' Thread 7" [_thread_blocked, id=1048, stack(0x000000003d840000,0x000000003d940000)]
  0x0000000028de7000 JavaThread "Execution worker for ':' Thread 6" [_thread_blocked, id=7680, stack(0x000000003d740000,0x000000003d840000)]
  0x0000000028de4800 JavaThread "Execution worker for ':' Thread 5" [_thread_blocked, id=10476, stack(0x000000003d640000,0x000000003d740000)]
  0x0000000028ddf800 JavaThread "Execution worker for ':' Thread 4" [_thread_blocked, id=12932, stack(0x000000003d540000,0x000000003d640000)]
  0x0000000028de2800 JavaThread "Execution worker for ':' Thread 3" [_thread_blocked, id=4272, stack(0x000000003d440000,0x000000003d540000)]
  0x0000000028de3000 JavaThread "Execution worker for ':' Thread 2" [_thread_blocked, id=6216, stack(0x000000003d340000,0x000000003d440000)]
  0x0000000028de1800 JavaThread "Execution worker for ':'" [_thread_blocked, id=11304, stack(0x000000003d240000,0x000000003d340000)]
  0x0000000028de4000 JavaThread "Cache worker for file content cache (D:\Message\.gradle\6.5\fileContent)" [_thread_blocked, id=14072, stack(0x000000003d140000,0x000000003d240000)]
  0x0000000028de1000 JavaThread "pool-6-thread-1" [_thread_blocked, id=4168, stack(0x000000003d040000,0x000000003d140000)]
  0x0000000028de6000 JavaThread "Cache worker for Build Output Cleanup Cache (D:\Message\.gradle\buildOutputCleanup)" [_thread_blocked, id=5904, stack(0x000000003cf40000,0x000000003d040000)]
  0x0000000020528000 JavaThread "Build operations Thread 8" [_thread_in_Java, id=13124, stack(0x0000000022b20000,0x0000000022c20000)]
  0x000000002052e000 JavaThread "Build operations Thread 7" [_thread_in_Java, id=10700, stack(0x0000000022a20000,0x0000000022b20000)]
  0x000000002052c800 JavaThread "Build operations Thread 6" [_thread_in_Java, id=10596, stack(0x0000000022920000,0x0000000022a20000)]
  0x000000002052b000 JavaThread "Build operations Thread 5" [_thread_in_Java, id=10908, stack(0x0000000022820000,0x0000000022920000)]
  0x0000000020528800 JavaThread "Build operations Thread 4" [_thread_in_Java, id=8848, stack(0x0000000022720000,0x0000000022820000)]
  0x0000000020527000 JavaThread "Build operations Thread 3" [_thread_in_Java, id=4332, stack(0x0000000022620000,0x0000000022720000)]
  0x000000002052d000 JavaThread "Build operations Thread 2" [_thread_blocked, id=10880, stack(0x0000000021460000,0x0000000021560000)]
  0x000000002052b800 JavaThread "Build operations" [_thread_in_Java, id=12132, stack(0x00000000210d0000,0x00000000211d0000)]
  0x0000000020523800 JavaThread "Cache worker for cache directory md-rule (C:\Users\Admin\.gradle\caches\6.5\md-rule)" [_thread_blocked, id=8424, stack(0x0000000020fd0000,0x00000000210d0000)]
  0x000000002052a000 JavaThread "Cache worker for cache directory md-supplier (C:\Users\Admin\.gradle\caches\6.5\md-supplier)" [_thread_blocked, id=3004, stack(0x0000000020ed0000,0x0000000020fd0000)]
  0x000000002051f800 JavaThread "Cache worker for checksums cache (D:\Message\.gradle\checksums)" [_thread_blocked, id=9352, stack(0x0000000020dd0000,0x0000000020ed0000)]
  0x0000000020526800 JavaThread "Cache worker for file hash cache (D:\Message\.gradle\6.5\fileHashes)" [_thread_blocked, id=8064, stack(0x000000001e630000,0x000000001e730000)]
  0x0000000020522800 JavaThread "Thread-262" [_thread_blocked, id=2740, stack(0x000000001e530000,0x000000001e630000)]
  0x0000000020522000 JavaThread "Asynchronous log dispatcher for DefaultDaemonConnection: socket connection from /127.0.0.1:54902 to /127.0.0.1:55495" [_thread_blocked, id=7040, stack(0x000000001e330000,0x000000001e430000)]
  0x000000002051f000 JavaThread "Daemon worker Thread 3" [_thread_blocked, id=10980, stack(0x000000001df30000,0x000000001e030000)]
  0x0000000020525800 JavaThread "Cancel handler" [_thread_blocked, id=7804, stack(0x0000000000ff0000,0x00000000010f0000)]
  0x0000000020524000 JavaThread "Handler for socket connection from /127.0.0.1:54902 to /127.0.0.1:55495" [_thread_in_native, id=13324, stack(0x0000000000ef0000,0x0000000000ff0000)]
  0x0000000020521000 JavaThread "Daemon Thread 3" [_thread_blocked, id=9152, stack(0x0000000000df0000,0x0000000000ef0000)]
  0x0000000020b27800 JavaThread "Memory manager" [_thread_blocked, id=3000, stack(0x000000002bf10000,0x000000002c010000)]
  0x0000000020237800 JavaThread "Cache worker for file content cache (C:\Users\Admin\.gradle\caches\6.5\fileContent)" [_thread_blocked, id=1376, stack(0x0000000024720000,0x0000000024820000)]
  0x000000002023d000 JavaThread "Cache worker for execution history cache (C:\Users\Admin\.gradle\caches\6.5\executionHistory)" [_thread_in_native, id=10216, stack(0x0000000024220000,0x0000000024320000)]
  0x000000001c96e800 JavaThread "Cache worker for file hash cache (C:\Users\Admin\.gradle\caches\6.5\fileHashes)" [_thread_blocked, id=5016, stack(0x000000001eb30000,0x000000001ec30000)]
  0x000000001c96e000 JavaThread "File lock request listener" [_thread_in_native, id=9476, stack(0x000000001ea30000,0x000000001eb30000)]
  0x000000001c956000 JavaThread "Cache worker for journal cache (C:\Users\Admin\.gradle\caches\journal-1)" [_thread_blocked, id=4304, stack(0x000000001e930000,0x000000001ea30000)]
  0x000000001c59c000 JavaThread "Daemon periodic checks" [_thread_blocked, id=3800, stack(0x000000001dc30000,0x000000001dd30000)]
  0x000000001c53a800 JavaThread "Incoming local TCP Connector on port 54902" [_thread_in_native, id=13044, stack(0x000000001d9f0000,0x000000001daf0000)]
  0x000000001c4ab800 JavaThread "Daemon health stats" [_thread_blocked, id=9720, stack(0x000000001d3b0000,0x000000001d4b0000)]
  0x0000000019bd8000 JavaThread "Service Thread" daemon [_thread_blocked, id=1792, stack(0x000000001a810000,0x000000001a910000)]
  0x0000000019b5b000 JavaThread "C1 CompilerThread3" daemon [_thread_in_native, id=5268, stack(0x000000001a710000,0x000000001a810000)]
=>0x0000000019b4a000 JavaThread "C2 CompilerThread2" daemon [_thread_in_native, id=3588, stack(0x000000001a610000,0x000000001a710000)]
  0x0000000019b47800 JavaThread "C2 CompilerThread1" daemon [_thread_in_native, id=10060, stack(0x000000001a510000,0x000000001a610000)]
  0x0000000019b44800 JavaThread "C2 CompilerThread0" daemon [_thread_in_native, id=13752, stack(0x000000001a410000,0x000000001a510000)]
  0x0000000019b3f000 JavaThread "Attach Listener" daemon [_thread_blocked, id=9668, stack(0x000000001a310000,0x000000001a410000)]
  0x0000000019b3e000 JavaThread "Signal Dispatcher" daemon [_thread_blocked, id=3820, stack(0x000000001a210000,0x000000001a310000)]
  0x0000000019b30800 JavaThread "Finalizer" daemon [_thread_blocked, id=7148, stack(0x000000001a010000,0x000000001a110000)]
  0x0000000017d4b800 JavaThread "Reference Handler" daemon [_thread_blocked, id=904, stack(0x0000000019f10000,0x000000001a010000)]
  0x0000000002be2800 JavaThread "main" [_thread_blocked, id=5948, stack(0x0000000002ae0000,0x0000000002be0000)]

Other Threads:
  0x0000000017d47800 VMThread [stack: 0x0000000019a10000,0x0000000019b10000] [id=13144]
  0x0000000019bd8800 WatcherThread [stack: 0x000000001a910000,0x000000001aa10000] [id=9012]

VM state:not at safepoint (normal execution)

VM Mutex/Monitor currently owned by a thread: None

heap address: 0x0000000080000000, size: 2048 MB, Compressed Oops mode: 32-bit
Narrow klass base: 0x0000000000000000, Narrow klass shift: 3
Compressed class space size: 1073741824 Address: 0x0000000100000000

Heap:
 PSYoungGen      total 633856K, used 555421K [0x00000000d5580000, 0x0000000100000000, 0x0000000100000000)
  eden space 568832K, 97% used [0x00000000d5580000,0x00000000f73e7468,0x00000000f8100000)
  from space 65024K, 0% used [0x00000000f8100000,0x00000000f8100000,0x00000000fc080000)
  to   space 65024K, 0% used [0x00000000fc080000,0x00000000fc080000,0x0000000100000000)
 ParOldGen       total 374272K, used 125785K [0x0000000080000000, 0x0000000096d80000, 0x00000000d5580000)
  object space 374272K, 33% used [0x0000000080000000,0x0000000087ad66a8,0x0000000096d80000)
 Metaspace       used 117190K, capacity 123745K, committed 123852K, reserved 1157120K
  class space    used 15088K, capacity 16325K, committed 16384K, reserved 1048576K

Card table byte_map: [0x00000000120a0000,0x00000000124b0000] byte_map_base: 0x0000000011ca0000

Marking Bits: (ParMarkBitMap*) 0x0000000059c8f030
 Begin Bits: [0x0000000012f60000, 0x0000000014f60000)
 End Bits:   [0x0000000014f60000, 0x0000000016f60000)

Polling page: 0x0000000002980000

CodeCache: size=245760Kb used=76322Kb max_used=76372Kb free=169437Kb
 bounds [0x0000000002ce0000, 0x0000000007830000, 0x0000000011ce0000]
 total_blobs=22043 nmethods=21029 adapters=925
 compilation: enabled

Compilation events (10 events):
Event: 998.097 Thread 0x0000000019b5b000 27897       2       com.android.tools.r8.s.c.f0::a (63 bytes)
Event: 998.097 Thread 0x0000000019b5b000 nmethod 27897 0x0000000006af5310 code [0x0000000006af5480, 0x0000000006af5648]
Event: 998.101 Thread 0x0000000019b5b000 27898       2       com.android.tools.r8.utils.a1::a (17 bytes)
Event: 998.102 Thread 0x0000000019b5b000 nmethod 27898 0x00000000058a0c10 code [0x00000000058a0d80, 0x00000000058a1078]
Event: 998.102 Thread 0x0000000019b5b000 27899       2       com.android.tools.r8.utils.a1$$Lambda$1184/1741427924::forEach (11 bytes)
Event: 998.103 Thread 0x0000000019b5b000 nmethod 27899 0x0000000005f1df90 code [0x0000000005f1e100, 0x0000000005f1e288]
Event: 998.104 Thread 0x0000000019b5b000 27900       3       com.android.tools.r8.ir.optimize.l::u (312 bytes)
Event: 998.109 Thread 0x0000000019b5b000 nmethod 27900 0x0000000005bdf1d0 code [0x0000000005bdf6c0, 0x0000000005be2808]
Event: 998.157 Thread 0x0000000019b5b000 27905       2       com.android.tools.r8.ir.conversion.O::c (572 bytes)
Event: 998.163 Thread 0x0000000019b5b000 nmethod 27905 0x00000000052ec150 code [0x00000000052ec5a0, 0x00000000052edcd8]

GC Heap History (10 events):
Event: 974.716 GC heap before
{Heap before GC invocations=52 (full 5):
 PSYoungGen      total 659968K, used 656220K [0x00000000d5580000, 0x0000000100000000, 0x0000000100000000)
  eden space 628224K, 100% used [0x00000000d5580000,0x00000000fbb00000,0x00000000fbb00000)
  from space 31744K, 88% used [0x00000000fe100000,0x00000000ffc57158,0x0000000100000000)
  to   space 35328K, 0% used [0x00000000fbb00000,0x00000000fbb00000,0x00000000fdd80000)
 ParOldGen       total 291840K, used 202047K [0x0000000080000000, 0x0000000091d00000, 0x00000000d5580000)
  object space 291840K, 69% used [0x0000000080000000,0x000000008c54fc28,0x0000000091d00000)
 Metaspace       used 114836K, capacity 120881K, committed 120908K, reserved 1155072K
  class space    used 14807K, capacity 15985K, committed 16000K, reserved 1048576K
Event: 974.812 GC heap after
Heap after GC invocations=52 (full 5):
 PSYoungGen      total 663552K, used 19881K [0x00000000d5580000, 0x0000000100000000, 0x0000000100000000)
  eden space 628224K, 0% used [0x00000000d5580000,0x00000000d5580000,0x00000000fbb00000)
  from space 35328K, 56% used [0x00000000fbb00000,0x00000000fce6a6e8,0x00000000fdd80000)
  to   space 34816K, 0% used [0x00000000fde00000,0x00000000fde00000,0x0000000100000000)
 ParOldGen       total 291840K, used 212772K [0x0000000080000000, 0x0000000091d00000, 0x00000000d5580000)
  object space 291840K, 72% used [0x0000000080000000,0x000000008cfc91c8,0x0000000091d00000)
 Metaspace       used 114836K, capacity 120881K, committed 120908K, reserved 1155072K
  class space    used 14807K, capacity 15985K, committed 16000K, reserved 1048576K
}
Event: 983.583 GC heap before
{Heap before GC invocations=53 (full 5):
 PSYoungGen      total 663552K, used 648105K [0x00000000d5580000, 0x0000000100000000, 0x0000000100000000)
  eden space 628224K, 100% used [0x00000000d5580000,0x00000000fbb00000,0x00000000fbb00000)
  from space 35328K, 56% used [0x00000000fbb00000,0x00000000fce6a6e8,0x00000000fdd80000)
  to   space 34816K, 0% used [0x00000000fde00000,0x00000000fde00000,0x0000000100000000)
 ParOldGen       total 291840K, used 212772K [0x0000000080000000, 0x0000000091d00000, 0x00000000d5580000)
  object space 291840K, 72% used [0x0000000080000000,0x000000008cfc91c8,0x0000000091d00000)
 Metaspace       used 116016K, capacity 122385K, committed 122700K, reserved 1155072K
  class space    used 14972K, capacity 16173K, committed 16256K, reserved 1048576K
Event: 984.037 GC heap after
Heap after GC invocations=53 (full 5):
 PSYoungGen      total 603648K, used 34805K [0x00000000d5580000, 0x0000000100000000, 0x0000000100000000)
  eden space 568832K, 0% used [0x00000000d5580000,0x00000000d5580000,0x00000000f8100000)
  from space 34816K, 99% used [0x00000000fde00000,0x00000000ffffd4a0,0x0000000100000000)
  to   space 65024K, 0% used [0x00000000f8100000,0x00000000f8100000,0x00000000fc080000)
 ParOldGen       total 291840K, used 280279K [0x0000000080000000, 0x0000000091d00000, 0x00000000d5580000)
  object space 291840K, 96% used [0x0000000080000000,0x00000000911b5e18,0x0000000091d00000)
 Metaspace       used 116016K, capacity 122385K, committed 122700K, reserved 1155072K
  class space    used 14972K, capacity 16173K, committed 16256K, reserved 1048576K
}
Event: 984.062 GC heap before
{Heap before GC invocations=54 (full 6):
 PSYoungGen      total 603648K, used 34805K [0x00000000d5580000, 0x0000000100000000, 0x0000000100000000)
  eden space 568832K, 0% used [0x00000000d5580000,0x00000000d5580000,0x00000000f8100000)
  from space 34816K, 99% used [0x00000000fde00000,0x00000000ffffd4a0,0x0000000100000000)
  to   space 65024K, 0% used [0x00000000f8100000,0x00000000f8100000,0x00000000fc080000)
 ParOldGen       total 291840K, used 280279K [0x0000000080000000, 0x0000000091d00000, 0x00000000d5580000)
  object space 291840K, 96% used [0x0000000080000000,0x00000000911b5e18,0x0000000091d00000)
 Metaspace       used 116016K, capacity 122385K, committed 122700K, reserved 1155072K
  class space    used 14972K, capacity 16173K, committed 16256K, reserved 1048576K
Event: 989.874 GC heap after
Heap after GC invocations=54 (full 6):
 PSYoungGen      total 603648K, used 0K [0x00000000d5580000, 0x0000000100000000, 0x0000000100000000)
  eden space 568832K, 0% used [0x00000000d5580000,0x00000000d5580000,0x00000000f8100000)
  from space 34816K, 0% used [0x00000000fde00000,0x00000000fde00000,0x0000000100000000)
  to   space 65024K, 0% used [0x00000000f8100000,0x00000000f8100000,0x00000000fc080000)
 ParOldGen       total 291840K, used 177538K [0x0000000080000000, 0x0000000091d00000, 0x00000000d5580000)
  object space 291840K, 60% used [0x0000000080000000,0x000000008ad60a98,0x0000000091d00000)
 Metaspace       used 115894K, capacity 122031K, committed 122700K, reserved 1155072K
  class space    used 14933K, capacity 16104K, committed 16256K, reserved 1048576K
}
Event: 995.759 GC heap before
{Heap before GC invocations=55 (full 6):
 PSYoungGen      total 603648K, used 568594K [0x00000000d5580000, 0x0000000100000000, 0x0000000100000000)
  eden space 568832K, 99% used [0x00000000d5580000,0x00000000f80c4a10,0x00000000f8100000)
  from space 34816K, 0% used [0x00000000fde00000,0x00000000fde00000,0x0000000100000000)
  to   space 65024K, 0% used [0x00000000f8100000,0x00000000f8100000,0x00000000fc080000)
 ParOldGen       total 291840K, used 177538K [0x0000000080000000, 0x0000000091d00000, 0x00000000d5580000)
  object space 291840K, 60% used [0x0000000080000000,0x000000008ad60a98,0x0000000091d00000)
 Metaspace       used 117188K, capacity 123803K, committed 123852K, reserved 1157120K
  class space    used 15092K, capacity 16336K, committed 16384K, reserved 1048576K
Event: 996.036 GC heap after
Heap after GC invocations=55 (full 6):
 PSYoungGen      total 633856K, used 64993K [0x00000000d5580000, 0x0000000100000000, 0x0000000100000000)
  eden space 568832K, 0% used [0x00000000d5580000,0x00000000d5580000,0x00000000f8100000)
  from space 65024K, 99% used [0x00000000f8100000,0x00000000fc078538,0x00000000fc080000)
  to   space 65024K, 0% used [0x00000000fc080000,0x00000000fc080000,0x0000000100000000)
 ParOldGen       total 291840K, used 240373K [0x0000000080000000, 0x0000000091d00000, 0x00000000d5580000)
  object space 291840K, 82% used [0x0000000080000000,0x000000008eabd7e0,0x0000000091d00000)
 Metaspace       used 117188K, capacity 123803K, committed 123852K, reserved 1157120K
  class space    used 15092K, capacity 16336K, committed 16384K, reserved 1048576K
}
Event: 996.036 GC heap before
{Heap before GC invocations=56 (full 7):
 PSYoungGen      total 633856K, used 64993K [0x00000000d5580000, 0x0000000100000000, 0x0000000100000000)
  eden space 568832K, 0% used [0x00000000d5580000,0x00000000d5580000,0x00000000f8100000)
  from space 65024K, 99% used [0x00000000f8100000,0x00000000fc078538,0x00000000fc080000)
  to   space 65024K, 0% used [0x00000000fc080000,0x00000000fc080000,0x0000000100000000)
 ParOldGen       total 291840K, used 240373K [0x0000000080000000, 0x0000000091d00000, 0x00000000d5580000)
  object space 291840K, 82% used [0x0000000080000000,0x000000008eabd7e0,0x0000000091d00000)
 Metaspace       used 117188K, capacity 123803K, committed 123852K, reserved 1157120K
  class space    used 15092K, capacity 16336K, committed 16384K, reserved 1048576K
Event: 997.509 GC heap after
Heap after GC invocations=56 (full 7):
 PSYoungGen      total 633856K, used 0K [0x00000000d5580000, 0x0000000100000000, 0x0000000100000000)
  eden space 568832K, 0% used [0x00000000d5580000,0x00000000d5580000,0x00000000f8100000)
  from space 65024K, 0% used [0x00000000f8100000,0x00000000f8100000,0x00000000fc080000)
  to   space 65024K, 0% used [0x00000000fc080000,0x00000000fc080000,0x0000000100000000)
 ParOldGen       total 374272K, used 125785K [0x0000000080000000, 0x0000000096d80000, 0x00000000d5580000)
  object space 374272K, 33% used [0x0000000080000000,0x0000000087ad66a8,0x0000000096d80000)
 Metaspace       used 117167K, capacity 123743K, committed 123852K, reserved 1157120K
  class space    used 15085K, capacity 16324K, committed 16384K, reserved 1048576K
}

Deoptimization events (10 events):
Event: 997.740 Thread 0x000000002052d000 Uncommon trap: reason=unstable_if action=reinterpret pc=0x000000000770bc90 method=com.android.tools.r8.s.b.b0.c()Z @ 22
Event: 997.768 Thread 0x0000000020528800 Uncommon trap: reason=unstable_if action=reinterpret pc=0x0000000006613700 method=com.android.tools.r8.graph.I0$d.c()V @ 89
Event: 997.769 Thread 0x000000002052b800 Uncommon trap: reason=unstable_if action=reinterpret pc=0x0000000006513c2c method=com.android.tools.r8.ir.optimize.d0.a(Ljava/util/Map;)Z @ 10
Event: 997.828 Thread 0x0000000020528000 Uncommon trap: reason=unstable_if action=reinterpret pc=0x0000000007250dc0 method=com.android.tools.r8.s.c.b.a(Lcom/android/tools/r8/s/b/X;)V @ 136
Event: 997.915 Thread 0x0000000020528000 Uncommon trap: reason=unstable_if action=reinterpret pc=0x0000000003e2e718 method=com.android.tools.r8.graph.Z$D.a(Lcom/android/tools/r8/graph/d0;)Lcom/android/tools/r8/graph/d0; @ 18
Event: 997.933 Thread 0x0000000020528800 Uncommon trap: reason=unstable_if action=reinterpret pc=0x0000000004c8b7f0 method=com.android.tools.r8.t.a.a.a.f.k0.m(I)V @ 13
Event: 997.968 Thread 0x000000002052b800 Uncommon trap: reason=unstable_if action=reinterpret pc=0x0000000006a76af0 method=com.google.common.base.Objects.equal(Ljava/lang/Object;Ljava/lang/Object;)Z @ 6
Event: 998.022 Thread 0x0000000020528000 Uncommon trap: reason=unstable_if action=reinterpret pc=0x0000000006ca923c method=com.google.common.base.Objects.equal(Ljava/lang/Object;Ljava/lang/Object;)Z @ 6
Event: 998.023 Thread 0x0000000020528000 Uncommon trap: reason=unstable_if action=reinterpret pc=0x000000000418bdd4 method=com.google.common.base.Objects.equal(Ljava/lang/Object;Ljava/lang/Object;)Z @ 6
Event: 998.145 Thread 0x0000000020528000 Uncommon trap: reason=unstable_if action=reinterpret pc=0x000000000679987c method=com.android.tools.r8.ir.conversion.K.a()Lcom/android/tools/r8/graph/G; @ 507

Classes redefined (0 events):
No events

Internal exceptions (10 events):
Event: 997.745 Thread 0x0000000020528000 Exception <a 'sun/nio/fs/WindowsException'> (0x00000000db2fafa0) thrown at [C:\src\AOSP-openjdk-git\hotspot\src\share\vm\prims\jni.cpp, line 710]
Event: 997.841 Thread 0x0000000020527000 Exception <a 'sun/nio/fs/WindowsException'> (0x00000000df3b7340) thrown at [C:\src\AOSP-openjdk-git\hotspot\src\share\vm\prims\jni.cpp, line 710]
Event: 997.905 Thread 0x000000002052b000 Exception <a 'sun/nio/fs/WindowsException'> (0x00000000dfa0a5b0) thrown at [C:\src\AOSP-openjdk-git\hotspot\src\share\vm\prims\jni.cpp, line 710]
Event: 997.968 Thread 0x000000002052b800 Implicit null exception at 0x0000000006a76736 to 0x0000000006a76ad1
Event: 997.968 Thread 0x000000002052b000 Exception <a 'sun/nio/fs/WindowsException'> (0x00000000e3dd8448) thrown at [C:\src\AOSP-openjdk-git\hotspot\src\share\vm\prims\jni.cpp, line 710]
Event: 997.975 Thread 0x000000002052b800 Exception <a 'sun/nio/fs/WindowsException'> (0x00000000e4033198) thrown at [C:\src\AOSP-openjdk-git\hotspot\src\share\vm\prims\jni.cpp, line 710]
Event: 997.988 Thread 0x000000002052e000 Exception <a 'sun/nio/fs/WindowsException'> (0x00000000e4895d38) thrown at [C:\src\AOSP-openjdk-git\hotspot\src\share\vm\prims\jni.cpp, line 710]
Event: 998.021 Thread 0x000000002052d000 Exception <a 'sun/nio/fs/WindowsException'> (0x00000000e5da4970) thrown at [C:\src\AOSP-openjdk-git\hotspot\src\share\vm\prims\jni.cpp, line 710]
Event: 998.022 Thread 0x0000000020528000 Implicit null exception at 0x0000000006ca8c52 to 0x0000000006ca9229
Event: 998.109 Thread 0x000000002052b800 Exception <a 'sun/nio/fs/WindowsException'> (0x00000000eabe7638) thrown at [C:\src\AOSP-openjdk-git\hotspot\src\share\vm\prims\jni.cpp, line 710]

Events (10 events):
Event: 998.160 Thread 0x0000000020528800 DEOPT PACKING pc=0x0000000005b8924a sp=0x000000002281a440
Event: 998.160 Thread 0x0000000020528800 DEOPT UNPACKING pc=0x0000000002d275d0 sp=0x000000002281a220 mode 0
Event: 998.160 Thread 0x0000000020528800 DEOPT PACKING pc=0x0000000005b8924a sp=0x000000002281a440
Event: 998.160 Thread 0x0000000020528800 DEOPT UNPACKING pc=0x0000000002d275d0 sp=0x000000002281a220 mode 0
Event: 998.161 Thread 0x000000002052b800 DEOPT PACKING pc=0x00000000057184a6 sp=0x00000000211ca290
Event: 998.161 Thread 0x000000002052b800 DEOPT UNPACKING pc=0x0000000002d275d0 sp=0x00000000211ca1b0 mode 0
Event: 998.161 Thread 0x000000002052b800 DEOPT PACKING pc=0x0000000005b82a30 sp=0x00000000211ca210
Event: 998.161 Thread 0x000000002052b800 DEOPT UNPACKING pc=0x0000000002d275d0 sp=0x00000000211ca0d8 mode 0
Event: 998.164 Thread 0x0000000020528800 DEOPT PACKING pc=0x0000000006770161 sp=0x000000002281a8c0
Event: 998.164 Thread 0x0000000020528800 DEOPT UNPACKING pc=0x0000000002d275d0 sp=0x000000002281a790 mode 0


Dynamic libraries:
0x00007ff6abf00000 - 0x00007ff6abf31000 	C:\Program Files\Android\Android Studio\jre\bin\java.exe
0x00007ffb8b4b0000 - 0x00007ffb8b6a5000 	C:\WINDOWS\SYSTEM32\ntdll.dll
0x00007ffb8a010000 - 0x00007ffb8a0ce000 	C:\WINDOWS\System32\KERNEL32.DLL
0x00007ffb88ee0000 - 0x00007ffb891a9000 	C:\WINDOWS\System32\KERNELBASE.dll
0x00007ffb89c60000 - 0x00007ffb89d0c000 	C:\WINDOWS\System32\ADVAPI32.dll
0x00007ffb8aec0000 - 0x00007ffb8af5e000 	C:\WINDOWS\System32\msvcrt.dll
0x00007ffb8a6e0000 - 0x00007ffb8a77b000 	C:\WINDOWS\System32\sechost.dll
0x00007ffb8a3f0000 - 0x00007ffb8a51a000 	C:\WINDOWS\System32\RPCRT4.dll
0x00007ffb8b2c0000 - 0x00007ffb8b461000 	C:\WINDOWS\System32\USER32.dll
0x00007ffb89320000 - 0x00007ffb89342000 	C:\WINDOWS\System32\win32u.dll
0x00007ffb8a6b0000 - 0x00007ffb8a6db000 	C:\WINDOWS\System32\GDI32.dll
0x00007ffb89210000 - 0x00007ffb8931b000 	C:\WINDOWS\System32\gdi32full.dll
0x00007ffb88d80000 - 0x00007ffb88e1d000 	C:\WINDOWS\System32\msvcp_win.dll
0x00007ffb88bd0000 - 0x00007ffb88cd0000 	C:\WINDOWS\System32\ucrtbase.dll
0x00007ffb5d4a0000 - 0x00007ffb5d73a000 	C:\WINDOWS\WinSxS\amd64_microsoft.windows.common-controls_6595b64144ccf1df_6.0.19041.1110_none_60b5254171f9507e\COMCTL32.dll
0x00007ffb8a2f0000 - 0x00007ffb8a320000 	C:\WINDOWS\System32\IMM32.DLL
0x0000000059e80000 - 0x0000000059f52000 	C:\Program Files\Android\Android Studio\jre\jre\bin\msvcr100.dll
0x00000000594c0000 - 0x0000000059d0b000 	C:\Program Files\Android\Android Studio\jre\jre\bin\server\jvm.dll
0x00007ffb8a0d0000 - 0x00007ffb8a0d8000 	C:\WINDOWS\System32\PSAPI.DLL
0x00007ffb7f5f0000 - 0x00007ffb7f5f9000 	C:\WINDOWS\SYSTEM32\WSOCK32.dll
0x00007ffb7f5e0000 - 0x00007ffb7f5ea000 	C:\WINDOWS\SYSTEM32\VERSION.dll
0x00007ffb6a790000 - 0x00007ffb6a7b7000 	C:\WINDOWS\SYSTEM32\WINMM.dll
0x00007ffb8a320000 - 0x00007ffb8a38b000 	C:\WINDOWS\System32\WS2_32.dll
0x00007ffb80870000 - 0x00007ffb8087f000 	C:\Program Files\Android\Android Studio\jre\jre\bin\verify.dll
0x00007ffb79b50000 - 0x00007ffb79b79000 	C:\Program Files\Android\Android Studio\jre\jre\bin\java.dll
0x00007ffb7d3a0000 - 0x00007ffb7d3b6000 	C:\Program Files\Android\Android Studio\jre\jre\bin\zip.dll
0x00007ffb8a780000 - 0x00007ffb8aebf000 	C:\WINDOWS\System32\SHELL32.dll
0x00007ffb86cb0000 - 0x00007ffb87440000 	C:\WINDOWS\SYSTEM32\windows.storage.dll
0x00007ffb8af60000 - 0x00007ffb8b2b5000 	C:\WINDOWS\System32\combase.dll
0x00007ffb88550000 - 0x00007ffb8857c000 	C:\WINDOWS\SYSTEM32\Wldp.dll
0x00007ffb89d20000 - 0x00007ffb89dce000 	C:\WINDOWS\System32\SHCORE.dll
0x00007ffb8a0e0000 - 0x00007ffb8a135000 	C:\WINDOWS\System32\shlwapi.dll
0x00007ffb88b10000 - 0x00007ffb88b2f000 	C:\WINDOWS\SYSTEM32\profapi.dll
0x00007ffb7c1c0000 - 0x00007ffb7c1da000 	C:\Program Files\Android\Android Studio\jre\jre\bin\net.dll
0x00007ffb882b0000 - 0x00007ffb8831a000 	C:\WINDOWS\system32\mswsock.dll
0x00007ffb7c100000 - 0x00007ffb7c113000 	C:\Program Files\Android\Android Studio\jre\jre\bin\nio.dll
0x00007ffb82f50000 - 0x00007ffb82f77000 	C:\Users\Admin\.gradle\native\f6784746aeab05261644944871eae4fe03e0ef1612fff0a4a95f87b438bc6780\windows-amd64\native-platform.dll
0x00007ffb7c310000 - 0x00007ffb7c31d000 	C:\Program Files\Android\Android Studio\jre\jre\bin\management.dll
0x00007ffb884b0000 - 0x00007ffb884c8000 	C:\WINDOWS\SYSTEM32\CRYPTSP.dll
0x00007ffb87c30000 - 0x00007ffb87c64000 	C:\WINDOWS\system32\rsaenh.dll
0x00007ffb88eb0000 - 0x00007ffb88ed7000 	C:\WINDOWS\System32\bcrypt.dll
0x00007ffb88a90000 - 0x00007ffb88abe000 	C:\WINDOWS\SYSTEM32\USERENV.dll
0x00007ffb88e20000 - 0x00007ffb88ea3000 	C:\WINDOWS\System32\bcryptprimitives.dll
0x00007ffb884a0000 - 0x00007ffb884ac000 	C:\WINDOWS\SYSTEM32\CRYPTBASE.dll
0x00007ffb87fa0000 - 0x00007ffb87fdb000 	C:\WINDOWS\SYSTEM32\IPHLPAPI.DLL
0x00007ffb89d10000 - 0x00007ffb89d18000 	C:\WINDOWS\System32\NSI.dll
0x00007ffb83040000 - 0x00007ffb83057000 	C:\WINDOWS\SYSTEM32\dhcpcsvc6.DLL
0x00007ffb82cc0000 - 0x00007ffb82cdd000 	C:\WINDOWS\SYSTEM32\dhcpcsvc.DLL
0x00007ffb87fe0000 - 0x00007ffb880ac000 	C:\WINDOWS\SYSTEM32\DNSAPI.dll
0x00007ffb7dfa0000 - 0x00007ffb7dfab000 	C:\WINDOWS\SYSTEM32\WINNSI.DLL
0x00007ffb878c0000 - 0x00007ffb878f3000 	C:\WINDOWS\SYSTEM32\ntmarta.dll
0x00007ffb82eb0000 - 0x00007ffb82f40000 	C:\WINDOWS\system32\apphelp.dll
0x00007ffb4db50000 - 0x00007ffb4dcec000 	C:\Program Files\Android\Android Studio\jre\jre\bin\awt.dll
0x00007ffb8a520000 - 0x00007ffb8a5ed000 	C:\WINDOWS\System32\OLEAUT32.dll
0x00007ffb86670000 - 0x00007ffb8669f000 	C:\WINDOWS\SYSTEM32\dwmapi.dll
0x00007ffb81b20000 - 0x00007ffb820e0000 	C:\WINDOWS\SYSTEM32\d2d1.dll
0x00007ffb86360000 - 0x00007ffb863fe000 	C:\WINDOWS\system32\uxtheme.dll

VM Arguments:
jvm_args: -Xmx2048m -Dfile.encoding=UTF-8 -Duser.country=US -Duser.language=en -Duser.variant 
java_command: org.gradle.launcher.daemon.bootstrap.GradleDaemon 6.5
java_class_path (initial): C:\Users\Admin\.gradle\wrapper\dists\gradle-6.5-bin\6nifqtx7604sqp1q6g8wikw7p\gradle-6.5\lib\gradle-launcher-6.5.jar
Launcher Type: SUN_STANDARD

Environment Variables:
PATH=C:\Program Files\Python39\Scripts\;C:\Program Files\Python39\;C:\ProgramData\Oracle\Java\javapath;C:\Program Files\Common Files\Oracle\Java\javapath;C:\WINDOWS\system32;C:\WINDOWS;C:\WINDOWS\System32\Wbem;C:\WINDOWS\System32\WindowsPowerShell\v1.0\;C:\WINDOWS\System32\OpenSSH\;C:\Program Files\Intel\WiFi\bin\;C:\Program Files\Common Files\Intel\WirelessCommon\;C:\Program Files\dotnet\;C:\Program Files\Microsoft SQL Server\Client SDK\ODBC\170\Tools\Binn\;C:\Program Files\nodejs\;C:\Program Files (x86)\Microsoft SQL Server\150\Tools\Binn\;C:\Program Files\Microsoft SQL Server\150\Tools\Binn\;C:\Program Files\Microsoft SQL Server\150\DTS\Binn\;C:\Program Files (x86)\Microsoft SQL Server\150\DTS\Binn\;C:\Program Files\Azure Data Studio\bin;C:\Program Files\Microsoft SQL Server\130\Tools\Binn\;C:\Program Files\Git\cmd;C:\Users\Admin\AppData\Local\Programs\Python\Python39\Scripts\;C:\Users\Admin\AppData\Local\Programs\Python\Python39\;C:\Program Files (x86)\VMware\VMware Workstation\bin\;C:\ProgramData\Oracle\Java\javapath;C:\Program Files\Common Files\Oracle\Java\javapath;C:\WINDOWS\system32;C:\WINDOWS;C:\WINDOWS\System32\Wbem;C:\WINDOWS\System32\WindowsPowerShell\v1.0\;C:\WINDOWS\System32\OpenSSH\;C:\Program Files\Intel\WiFi\bin\;C:\Program Files\Common Files\Intel\WirelessCommon\;C:\Program Files\dotnet\;C:\Program Files\Microsoft SQL Server\Client SDK\ODBC\170\Tools\Binn\;C:\Program Files\nodejs\;C:\Program Files (x86)\Microsoft SQL Server\150\Tools\Binn\;C:\Program Files\Microsoft SQL Server\150\Tools\Binn\;C:\Program Files\Microsoft SQL Server\150\DTS\Binn\;C:\Program Files (x86)\Microsoft SQL Server\150\DTS\Binn\;C:\Program Files\Azure Data Studio\bin;C:\Program Files\Microsoft SQL Server\130\Tools\Binn\;C:\Program Files\Git\cmd;C:\Users\Admin\AppData\Local\Microsoft\WindowsApps;C:\Users\Admin\AppData\Local\Programs\Microsoft VS Code\bin;C:\Users\Admin\AppData\Roaming\npm;;C:\Program Files\Azure Data Studio\bin;C:\Users\Admin\.dotne
USERNAME=Admin
OS=Windows_NT
PROCESSOR_IDENTIFIER=Intel64 Family 6 Model 142 Stepping 11, GenuineIntel



---------------  S Y S T E M  ---------------

OS: Windows 10.0 , 64 bit Build 19041 (10.0.19041.1202)

CPU:total 8 (initial active 8) (4 cores per cpu, 2 threads per core) family 6 model 142 stepping 11, cmov, cx8, fxsr, mmx, sse, sse2, sse3, ssse3, sse4.1, sse4.2, popcnt, avx, avx2, aes, clmul, erms, 3dnowpref, lzcnt, ht, tsc, tscinvbit, bmi1, bmi2, adx

Memory: 4k page, physical 8273204k(212060k free), swap 12369204k(7016k free)

vm_info: OpenJDK 64-Bit Server VM (25.242-b01) for windows-amd64 JRE (1.8.0_242-release-1644-b01), built by "builder" with MS VC++ 10.0 (VS2010)

time: Sun Sep 19 09:52:30 2021
timezone: SE Asia Standard Time
elapsed time: 998 seconds (0d 0h 16m 38s)

